The system is: Darwin - 23.5.0 - arm64
Compiling the C compiler identification source file "CMakeCCompilerId.c" succeeded.
Compiler: /opt/homebrew/bin/gcc 
Build flags: 
Id flags:  

The output was:
0


Compilation of the C compiler identification source "CMakeCCompilerId.c" produced "a.out"

The C compiler identification is GNU, found in "/Users/canozaydin/CLionProjects/LeetCode/Two_Sum/cmake-build-debug/CMakeFiles/3.24.2/CompilerIdC/a.out"

Compiling the CXX compiler identification source file "CMakeCXXCompilerId.cpp" succeeded.
Compiler: /opt/homebrew/bin/g++ 
Build flags: 
Id flags:  

The output was:
0


Compilation of the CXX compiler identification source "CMakeCXXCompilerId.cpp" produced "a.out"

The CXX compiler identification is GNU, found in "/Users/canozaydin/CLionProjects/LeetCode/Two_Sum/cmake-build-debug/CMakeFiles/3.24.2/CompilerIdCXX/a.out"

Detecting C compiler ABI info compiled with the following output:
Change Dir: /Users/canozaydin/CLionProjects/LeetCode/Two_Sum/cmake-build-debug/CMakeFiles/CMakeTmp

Run Build Command(s):/Applications/CLion.app/Contents/bin/ninja/mac/ninja cmTC_bde8e && [1/2] Building C object CMakeFiles/cmTC_bde8e.dir/CMakeCCompilerABI.c.o
Using built-in specs.
COLLECT_GCC=/opt/homebrew/bin/gcc
Target: aarch64-apple-darwin23
Configured with: ../configure --prefix=/opt/homebrew/opt/gcc --libdir=/opt/homebrew/opt/gcc/lib/gcc/current --disable-nls --enable-checking=release --with-gcc-major-version-only --enable-languages=c,c++,objc,obj-c++,fortran,m2 --program-suffix=-14 --with-gmp=/opt/homebrew/opt/gmp --with-mpfr=/opt/homebrew/opt/mpfr --with-mpc=/opt/homebrew/opt/libmpc --with-isl=/opt/homebrew/opt/isl --with-zstd=/opt/homebrew/opt/zstd --with-pkgversion='Homebrew GCC 14.1.0_2' --with-bugurl=https://github.com/Homebrew/homebrew-core/issues --with-system-zlib --build=aarch64-apple-darwin23 --with-sysroot=/Library/Developer/CommandLineTools/SDKs/MacOSX14.sdk
Thread model: posix
Supported LTO compression algorithms: zlib zstd
gcc version 14.1.0 (Homebrew GCC 14.1.0_2) 
COLLECT_GCC_OPTIONS='-fdiagnostics-color=always' '-isysroot' '/Applications/Xcode.app/Contents/Developer/Platforms/MacOSX.platform/Developer/SDKs/MacOSX14.5.sdk' '-v' '-o' 'CMakeFiles/cmTC_bde8e.dir/CMakeCCompilerABI.c.o' '-c' '-mmacosx-version-min=14.0.0' '-asm_macosx_version_min=14.0' '-nodefaultexport' '-mcpu=apple-m1' '-mlittle-endian' '-mabi=lp64' '-dumpdir' 'CMakeFiles/cmTC_bde8e.dir/'
 /opt/homebrew/Cellar/gcc/14.1.0_2/bin/../libexec/gcc/aarch64-apple-darwin23/14/cc1 -quiet -v -iprefix /opt/homebrew/Cellar/gcc/14.1.0_2/bin/../lib/gcc/current/gcc/aarch64-apple-darwin23/14/ -D__DYNAMIC__ -isysroot /Applications/Xcode.app/Contents/Developer/Platforms/MacOSX.platform/Developer/SDKs/MacOSX14.5.sdk /Applications/CLion.app/Contents/bin/cmake/mac/share/cmake-3.24/Modules/CMakeCCompilerABI.c -fPIC -quiet -dumpdir CMakeFiles/cmTC_bde8e.dir/ -dumpbase CMakeCCompilerABI.c.c -dumpbase-ext .c -mmacosx-version-min=14.0.0 -mcpu=apple-m1 -mlittle-endian -mabi=lp64 -version -fdiagnostics-color=always -o /var/folders/r9/td4q3yqx7fx1yklgypmnxkth0000gn/T//cciuGXRl.s
GNU C17 (Homebrew GCC 14.1.0_2) version 14.1.0 (aarch64-apple-darwin23)
	compiled by GNU C version 14.1.0, GMP version 6.3.0, MPFR version 4.2.1, MPC version 1.3.1, isl version isl-0.26-GMP

GGC heuristics: --param ggc-min-expand=100 --param ggc-min-heapsize=131072
ignoring nonexistent directory "/opt/homebrew/Cellar/gcc/14.1.0_2/bin/../lib/gcc/current/gcc/aarch64-apple-darwin23/14/../../../../../../aarch64-apple-darwin23/include"
ignoring duplicate directory "/opt/homebrew/Cellar/gcc/14.1.0_2/bin/../lib/gcc/current/gcc/../../../../lib/gcc/current/gcc/aarch64-apple-darwin23/14/include"
ignoring nonexistent directory "/Applications/Xcode.app/Contents/Developer/Platforms/MacOSX.platform/Developer/SDKs/MacOSX14.5.sdk/usr/local/include"
ignoring duplicate directory "/opt/homebrew/Cellar/gcc/14.1.0_2/bin/../lib/gcc/current/gcc/../../../../lib/gcc/current/gcc/aarch64-apple-darwin23/14/include-fixed"
ignoring nonexistent directory "/opt/homebrew/Cellar/gcc/14.1.0_2/bin/../lib/gcc/current/gcc/../../../../lib/gcc/current/gcc/aarch64-apple-darwin23/14/../../../../../../aarch64-apple-darwin23/include"
ignoring nonexistent directory "/Applications/Xcode.app/Contents/Developer/Platforms/MacOSX.platform/Developer/SDKs/MacOSX14.5.sdk/Library/Frameworks"
#include "..." search starts here:
#include <...> search starts here:
 /opt/homebrew/Cellar/gcc/14.1.0_2/bin/../lib/gcc/current/gcc/aarch64-apple-darwin23/14/include
 /opt/homebrew/Cellar/gcc/14.1.0_2/bin/../lib/gcc/current/gcc/aarch64-apple-darwin23/14/include-fixed
 /Applications/Xcode.app/Contents/Developer/Platforms/MacOSX.platform/Developer/SDKs/MacOSX14.5.sdk/usr/include
 /Applications/Xcode.app/Contents/Developer/Platforms/MacOSX.platform/Developer/SDKs/MacOSX14.5.sdk/System/Library/Frameworks
End of search list.
Compiler executable checksum: 91ab857ffdb05812854d81f33284426b
COLLECT_GCC_OPTIONS='-fdiagnostics-color=always' '-isysroot' '/Applications/Xcode.app/Contents/Developer/Platforms/MacOSX.platform/Developer/SDKs/MacOSX14.5.sdk' '-v' '-o' 'CMakeFiles/cmTC_bde8e.dir/CMakeCCompilerABI.c.o' '-c' '-mmacosx-version-min=14.0.0'  '-nodefaultexport' '-mcpu=apple-m1' '-mlittle-endian' '-mabi=lp64' '-dumpdir' 'CMakeFiles/cmTC_bde8e.dir/'
 as -arch arm64 -v -mmacosx-version-min=14.0 -o CMakeFiles/cmTC_bde8e.dir/CMakeCCompilerABI.c.o /var/folders/r9/td4q3yqx7fx1yklgypmnxkth0000gn/T//cciuGXRl.s
Apple clang version 15.0.0 (clang-1500.3.9.4)
Target: arm64-apple-darwin23.5.0
Thread model: posix
InstalledDir: /Applications/Xcode.app/Contents/Developer/Toolchains/XcodeDefault.xctoolchain/usr/bin
 "/Applications/Xcode.app/Contents/Developer/Toolchains/XcodeDefault.xctoolchain/usr/bin/clang" -cc1as -triple arm64-apple-macosx14.0.0 -filetype obj -main-file-name cciuGXRl.s -target-cpu apple-m1 -target-feature +v8.5a -target-feature +crc -target-feature +lse -target-feature +rdm -target-feature +crypto -target-feature +dotprod -target-feature +fp-armv8 -target-feature +neon -target-feature +fp16fml -target-feature +ras -target-feature +rcpc -target-feature +zcm -target-feature +zcz -target-feature +fullfp16 -target-feature +sm4 -target-feature +sha3 -target-feature +sha2 -target-feature +aes -fdebug-compilation-dir=/Users/canozaydin/CLionProjects/LeetCode/Two_Sum/cmake-build-debug/CMakeFiles/CMakeTmp -dwarf-debug-producer "Apple clang version 15.0.0 (clang-1500.3.9.4)" -dwarf-version=4 -mrelocation-model pic --mrelax-relocations -mllvm -disable-aligned-alloc-awareness=1 -o CMakeFiles/cmTC_bde8e.dir/CMakeCCompilerABI.c.o /var/folders/r9/td4q3yqx7fx1yklgypmnxkth0000gn/T//cciuGXRl.s
COMPILER_PATH=/opt/homebrew/Cellar/gcc/14.1.0_2/bin/../libexec/gcc/aarch64-apple-darwin23/14/:/opt/homebrew/Cellar/gcc/14.1.0_2/bin/../libexec/gcc/
LIBRARY_PATH=/opt/homebrew/Cellar/gcc/14.1.0_2/bin/../lib/gcc/current/gcc/aarch64-apple-darwin23/14/:/opt/homebrew/Cellar/gcc/14.1.0_2/bin/../lib/gcc/current/gcc/:/opt/homebrew/Cellar/gcc/14.1.0_2/bin/../lib/gcc/current/gcc/aarch64-apple-darwin23/14/../../../
COLLECT_GCC_OPTIONS='-fdiagnostics-color=always' '-isysroot' '/Applications/Xcode.app/Contents/Developer/Platforms/MacOSX.platform/Developer/SDKs/MacOSX14.5.sdk' '-v' '-o' 'CMakeFiles/cmTC_bde8e.dir/CMakeCCompilerABI.c.o' '-c' '-mmacosx-version-min=14.0.0'  '-nodefaultexport' '-mcpu=apple-m1' '-mlittle-endian' '-mabi=lp64' '-dumpdir' 'CMakeFiles/cmTC_bde8e.dir/CMakeCCompilerABI.c.'
[2/2] Linking C executable cmTC_bde8e
Using built-in specs.
COLLECT_GCC=/opt/homebrew/bin/gcc
COLLECT_LTO_WRAPPER=/opt/homebrew/Cellar/gcc/14.1.0_2/bin/../libexec/gcc/aarch64-apple-darwin23/14/lto-wrapper
Target: aarch64-apple-darwin23
Configured with: ../configure --prefix=/opt/homebrew/opt/gcc --libdir=/opt/homebrew/opt/gcc/lib/gcc/current --disable-nls --enable-checking=release --with-gcc-major-version-only --enable-languages=c,c++,objc,obj-c++,fortran,m2 --program-suffix=-14 --with-gmp=/opt/homebrew/opt/gmp --with-mpfr=/opt/homebrew/opt/mpfr --with-mpc=/opt/homebrew/opt/libmpc --with-isl=/opt/homebrew/opt/isl --with-zstd=/opt/homebrew/opt/zstd --with-pkgversion='Homebrew GCC 14.1.0_2' --with-bugurl=https://github.com/Homebrew/homebrew-core/issues --with-system-zlib --build=aarch64-apple-darwin23 --with-sysroot=/Library/Developer/CommandLineTools/SDKs/MacOSX14.sdk
Thread model: posix
Supported LTO compression algorithms: zlib zstd
gcc version 14.1.0 (Homebrew GCC 14.1.0_2) 
COMPILER_PATH=/opt/homebrew/Cellar/gcc/14.1.0_2/bin/../libexec/gcc/aarch64-apple-darwin23/14/:/opt/homebrew/Cellar/gcc/14.1.0_2/bin/../libexec/gcc/
LIBRARY_PATH=/opt/homebrew/Cellar/gcc/14.1.0_2/bin/../lib/gcc/current/gcc/aarch64-apple-darwin23/14/:/opt/homebrew/Cellar/gcc/14.1.0_2/bin/../lib/gcc/current/gcc/:/opt/homebrew/Cellar/gcc/14.1.0_2/bin/../lib/gcc/current/gcc/aarch64-apple-darwin23/14/../../../
COLLECT_GCC_OPTIONS='-isysroot' '/Applications/Xcode.app/Contents/Developer/Platforms/MacOSX.platform/Developer/SDKs/MacOSX14.5.sdk' '-v' '-o' 'cmTC_bde8e' '-mmacosx-version-min=14.0.0' '-asm_macosx_version_min=14.0' '-nodefaultexport' '-mcpu=apple-m1' '-mlittle-endian' '-mabi=lp64' '-dumpdir' 'cmTC_bde8e.'
 /opt/homebrew/Cellar/gcc/14.1.0_2/bin/../libexec/gcc/aarch64-apple-darwin23/14/collect2 -demangle -dynamic -arch arm64 -syslibroot /Applications/Xcode.app/Contents/Developer/Platforms/MacOSX.platform/Developer/SDKs/MacOSX14.5.sdk -platform_version macos 14.0.0 0.0 -o cmTC_bde8e -L/opt/homebrew/Cellar/gcc/14.1.0_2/bin/../lib/gcc/current/gcc/aarch64-apple-darwin23/14 -L/opt/homebrew/Cellar/gcc/14.1.0_2/bin/../lib/gcc/current/gcc -L/opt/homebrew/Cellar/gcc/14.1.0_2/bin/../lib/gcc/current/gcc/aarch64-apple-darwin23/14/../../.. -lemutls_w -lheapt_w -search_paths_first -headerpad_max_install_names -v CMakeFiles/cmTC_bde8e.dir/CMakeCCompilerABI.c.o -lgcc -lSystem -no_compact_unwind -rpath @loader_path -rpath /opt/homebrew/Cellar/gcc/14.1.0_2/lib/gcc/current/gcc/aarch64-apple-darwin23/14 -rpath /opt/homebrew/Cellar/gcc/14.1.0_2/lib/gcc/current/gcc -rpath /opt/homebrew/Cellar/gcc/14.1.0_2/lib/gcc/current
collect2 version 14.1.0
/usr/bin/ld -demangle -dynamic -arch arm64 -syslibroot /Applications/Xcode.app/Contents/Developer/Platforms/MacOSX.platform/Developer/SDKs/MacOSX14.5.sdk -platform_version macos 14.0.0 0.0 -o cmTC_bde8e -L/opt/homebrew/Cellar/gcc/14.1.0_2/bin/../lib/gcc/current/gcc/aarch64-apple-darwin23/14 -L/opt/homebrew/Cellar/gcc/14.1.0_2/bin/../lib/gcc/current/gcc -L/opt/homebrew/Cellar/gcc/14.1.0_2/bin/../lib/gcc/current/gcc/aarch64-apple-darwin23/14/../../.. -lemutls_w -lheapt_w -search_paths_first -headerpad_max_install_names -v CMakeFiles/cmTC_bde8e.dir/CMakeCCompilerABI.c.o -lgcc -lSystem -no_compact_unwind -rpath @loader_path -rpath /opt/homebrew/Cellar/gcc/14.1.0_2/lib/gcc/current/gcc/aarch64-apple-darwin23/14 -rpath /opt/homebrew/Cellar/gcc/14.1.0_2/lib/gcc/current/gcc -rpath /opt/homebrew/Cellar/gcc/14.1.0_2/lib/gcc/current
@(#)PROGRAM:ld PROJECT:ld-1053.12
BUILD 10:15:51 Mar 29 2024
configured to support archs: armv6 armv7 armv7s arm64 arm64e arm64_32 i386 x86_64 x86_64h armv6m armv7k armv7m armv7em
will use ld-classic for: armv6 armv7 armv7s arm64_32 i386 armv6m armv7k armv7m armv7em
LTO support using: LLVM version 15.0.0 (static support for 29, runtime is 29)
TAPI support using: Apple TAPI version 15.0.0 (tapi-1500.3.2.2)
Library search paths:
	/opt/homebrew/Cellar/gcc/14.1.0_2/lib/gcc/current/gcc/aarch64-apple-darwin23/14
	/opt/homebrew/Cellar/gcc/14.1.0_2/lib/gcc/current/gcc
	/opt/homebrew/Cellar/gcc/14.1.0_2/lib/gcc/current
	/Applications/Xcode.app/Contents/Developer/Platforms/MacOSX.platform/Developer/SDKs/MacOSX14.5.sdk/usr/lib
	/Applications/Xcode.app/Contents/Developer/Platforms/MacOSX.platform/Developer/SDKs/MacOSX14.5.sdk/usr/lib/swift
Framework search paths:
	/Applications/Xcode.app/Contents/Developer/Platforms/MacOSX.platform/Developer/SDKs/MacOSX14.5.sdk/System/Library/Frameworks



Parsed C implicit include dir info from above output: rv=done
  found start of include info
  found start of implicit include info
    add: [/opt/homebrew/Cellar/gcc/14.1.0_2/bin/../lib/gcc/current/gcc/aarch64-apple-darwin23/14/include]
    add: [/opt/homebrew/Cellar/gcc/14.1.0_2/bin/../lib/gcc/current/gcc/aarch64-apple-darwin23/14/include-fixed]
    add: [/Applications/Xcode.app/Contents/Developer/Platforms/MacOSX.platform/Developer/SDKs/MacOSX14.5.sdk/usr/include]
    add: [/Applications/Xcode.app/Contents/Developer/Platforms/MacOSX.platform/Developer/SDKs/MacOSX14.5.sdk/System/Library/Frameworks]
  end of search list found
  collapse include dir [/opt/homebrew/Cellar/gcc/14.1.0_2/bin/../lib/gcc/current/gcc/aarch64-apple-darwin23/14/include] ==> [/opt/homebrew/Cellar/gcc/14.1.0_2/lib/gcc/current/gcc/aarch64-apple-darwin23/14/include]
  collapse include dir [/opt/homebrew/Cellar/gcc/14.1.0_2/bin/../lib/gcc/current/gcc/aarch64-apple-darwin23/14/include-fixed] ==> [/opt/homebrew/Cellar/gcc/14.1.0_2/lib/gcc/current/gcc/aarch64-apple-darwin23/14/include-fixed]
  collapse include dir [/Applications/Xcode.app/Contents/Developer/Platforms/MacOSX.platform/Developer/SDKs/MacOSX14.5.sdk/usr/include] ==> [/Applications/Xcode.app/Contents/Developer/Platforms/MacOSX.platform/Developer/SDKs/MacOSX14.5.sdk/usr/include]
  collapse include dir [/Applications/Xcode.app/Contents/Developer/Platforms/MacOSX.platform/Developer/SDKs/MacOSX14.5.sdk/System/Library/Frameworks] ==> [/Applications/Xcode.app/Contents/Developer/Platforms/MacOSX.platform/Developer/SDKs/MacOSX14.5.sdk/System/Library/Frameworks]
  implicit include dirs: [/opt/homebrew/Cellar/gcc/14.1.0_2/lib/gcc/current/gcc/aarch64-apple-darwin23/14/include;/opt/homebrew/Cellar/gcc/14.1.0_2/lib/gcc/current/gcc/aarch64-apple-darwin23/14/include-fixed;/Applications/Xcode.app/Contents/Developer/Platforms/MacOSX.platform/Developer/SDKs/MacOSX14.5.sdk/usr/include;/Applications/Xcode.app/Contents/Developer/Platforms/MacOSX.platform/Developer/SDKs/MacOSX14.5.sdk/System/Library/Frameworks]


Parsed C implicit link information from above output:
  link line regex: [^( *|.*[/\])(ld|CMAKE_LINK_STARTFILE-NOTFOUND|([^/\]+-)?ld|collect2)[^/\]*( |$)]
  ignore line: [Change Dir: /Users/canozaydin/CLionProjects/LeetCode/Two_Sum/cmake-build-debug/CMakeFiles/CMakeTmp]
  ignore line: []
  ignore line: [Run Build Command(s):/Applications/CLion.app/Contents/bin/ninja/mac/ninja cmTC_bde8e && [1/2] Building C object CMakeFiles/cmTC_bde8e.dir/CMakeCCompilerABI.c.o]
  ignore line: [Using built-in specs.]
  ignore line: [COLLECT_GCC=/opt/homebrew/bin/gcc]
  ignore line: [Target: aarch64-apple-darwin23]
  ignore line: [Configured with: ../configure --prefix=/opt/homebrew/opt/gcc --libdir=/opt/homebrew/opt/gcc/lib/gcc/current --disable-nls --enable-checking=release --with-gcc-major-version-only --enable-languages=c c++ objc obj-c++ fortran m2 --program-suffix=-14 --with-gmp=/opt/homebrew/opt/gmp --with-mpfr=/opt/homebrew/opt/mpfr --with-mpc=/opt/homebrew/opt/libmpc --with-isl=/opt/homebrew/opt/isl --with-zstd=/opt/homebrew/opt/zstd --with-pkgversion='Homebrew GCC 14.1.0_2' --with-bugurl=https://github.com/Homebrew/homebrew-core/issues --with-system-zlib --build=aarch64-apple-darwin23 --with-sysroot=/Library/Developer/CommandLineTools/SDKs/MacOSX14.sdk]
  ignore line: [Thread model: posix]
  ignore line: [Supported LTO compression algorithms: zlib zstd]
  ignore line: [gcc version 14.1.0 (Homebrew GCC 14.1.0_2) ]
  ignore line: [COLLECT_GCC_OPTIONS='-fdiagnostics-color=always' '-isysroot' '/Applications/Xcode.app/Contents/Developer/Platforms/MacOSX.platform/Developer/SDKs/MacOSX14.5.sdk' '-v' '-o' 'CMakeFiles/cmTC_bde8e.dir/CMakeCCompilerABI.c.o' '-c' '-mmacosx-version-min=14.0.0' '-asm_macosx_version_min=14.0' '-nodefaultexport' '-mcpu=apple-m1' '-mlittle-endian' '-mabi=lp64' '-dumpdir' 'CMakeFiles/cmTC_bde8e.dir/']
  ignore line: [ /opt/homebrew/Cellar/gcc/14.1.0_2/bin/../libexec/gcc/aarch64-apple-darwin23/14/cc1 -quiet -v -iprefix /opt/homebrew/Cellar/gcc/14.1.0_2/bin/../lib/gcc/current/gcc/aarch64-apple-darwin23/14/ -D__DYNAMIC__ -isysroot /Applications/Xcode.app/Contents/Developer/Platforms/MacOSX.platform/Developer/SDKs/MacOSX14.5.sdk /Applications/CLion.app/Contents/bin/cmake/mac/share/cmake-3.24/Modules/CMakeCCompilerABI.c -fPIC -quiet -dumpdir CMakeFiles/cmTC_bde8e.dir/ -dumpbase CMakeCCompilerABI.c.c -dumpbase-ext .c -mmacosx-version-min=14.0.0 -mcpu=apple-m1 -mlittle-endian -mabi=lp64 -version -fdiagnostics-color=always -o /var/folders/r9/td4q3yqx7fx1yklgypmnxkth0000gn/T//cciuGXRl.s]
  ignore line: [GNU C17 (Homebrew GCC 14.1.0_2) version 14.1.0 (aarch64-apple-darwin23)]
  ignore line: [	compiled by GNU C version 14.1.0  GMP version 6.3.0  MPFR version 4.2.1  MPC version 1.3.1  isl version isl-0.26-GMP]
  ignore line: []
  ignore line: [GGC heuristics: --param ggc-min-expand=100 --param ggc-min-heapsize=131072]
  ignore line: [ignoring nonexistent directory "/opt/homebrew/Cellar/gcc/14.1.0_2/bin/../lib/gcc/current/gcc/aarch64-apple-darwin23/14/../../../../../../aarch64-apple-darwin23/include"]
  ignore line: [ignoring duplicate directory "/opt/homebrew/Cellar/gcc/14.1.0_2/bin/../lib/gcc/current/gcc/../../../../lib/gcc/current/gcc/aarch64-apple-darwin23/14/include"]
  ignore line: [ignoring nonexistent directory "/Applications/Xcode.app/Contents/Developer/Platforms/MacOSX.platform/Developer/SDKs/MacOSX14.5.sdk/usr/local/include"]
  ignore line: [ignoring duplicate directory "/opt/homebrew/Cellar/gcc/14.1.0_2/bin/../lib/gcc/current/gcc/../../../../lib/gcc/current/gcc/aarch64-apple-darwin23/14/include-fixed"]
  ignore line: [ignoring nonexistent directory "/opt/homebrew/Cellar/gcc/14.1.0_2/bin/../lib/gcc/current/gcc/../../../../lib/gcc/current/gcc/aarch64-apple-darwin23/14/../../../../../../aarch64-apple-darwin23/include"]
  ignore line: [ignoring nonexistent directory "/Applications/Xcode.app/Contents/Developer/Platforms/MacOSX.platform/Developer/SDKs/MacOSX14.5.sdk/Library/Frameworks"]
  ignore line: [#include "..." search starts here:]
  ignore line: [#include <...> search starts here:]
  ignore line: [ /opt/homebrew/Cellar/gcc/14.1.0_2/bin/../lib/gcc/current/gcc/aarch64-apple-darwin23/14/include]
  ignore line: [ /opt/homebrew/Cellar/gcc/14.1.0_2/bin/../lib/gcc/current/gcc/aarch64-apple-darwin23/14/include-fixed]
  ignore line: [ /Applications/Xcode.app/Contents/Developer/Platforms/MacOSX.platform/Developer/SDKs/MacOSX14.5.sdk/usr/include]
  ignore line: [ /Applications/Xcode.app/Contents/Developer/Platforms/MacOSX.platform/Developer/SDKs/MacOSX14.5.sdk/System/Library/Frameworks]
  ignore line: [End of search list.]
  ignore line: [Compiler executable checksum: 91ab857ffdb05812854d81f33284426b]
  ignore line: [COLLECT_GCC_OPTIONS='-fdiagnostics-color=always' '-isysroot' '/Applications/Xcode.app/Contents/Developer/Platforms/MacOSX.platform/Developer/SDKs/MacOSX14.5.sdk' '-v' '-o' 'CMakeFiles/cmTC_bde8e.dir/CMakeCCompilerABI.c.o' '-c' '-mmacosx-version-min=14.0.0'  '-nodefaultexport' '-mcpu=apple-m1' '-mlittle-endian' '-mabi=lp64' '-dumpdir' 'CMakeFiles/cmTC_bde8e.dir/']
  ignore line: [ as -arch arm64 -v -mmacosx-version-min=14.0 -o CMakeFiles/cmTC_bde8e.dir/CMakeCCompilerABI.c.o /var/folders/r9/td4q3yqx7fx1yklgypmnxkth0000gn/T//cciuGXRl.s]
  ignore line: [Apple clang version 15.0.0 (clang-1500.3.9.4)]
  ignore line: [Target: arm64-apple-darwin23.5.0]
  ignore line: [Thread model: posix]
  ignore line: [InstalledDir: /Applications/Xcode.app/Contents/Developer/Toolchains/XcodeDefault.xctoolchain/usr/bin]
  ignore line: [ "/Applications/Xcode.app/Contents/Developer/Toolchains/XcodeDefault.xctoolchain/usr/bin/clang" -cc1as -triple arm64-apple-macosx14.0.0 -filetype obj -main-file-name cciuGXRl.s -target-cpu apple-m1 -target-feature +v8.5a -target-feature +crc -target-feature +lse -target-feature +rdm -target-feature +crypto -target-feature +dotprod -target-feature +fp-armv8 -target-feature +neon -target-feature +fp16fml -target-feature +ras -target-feature +rcpc -target-feature +zcm -target-feature +zcz -target-feature +fullfp16 -target-feature +sm4 -target-feature +sha3 -target-feature +sha2 -target-feature +aes -fdebug-compilation-dir=/Users/canozaydin/CLionProjects/LeetCode/Two_Sum/cmake-build-debug/CMakeFiles/CMakeTmp -dwarf-debug-producer "Apple clang version 15.0.0 (clang-1500.3.9.4)" -dwarf-version=4 -mrelocation-model pic --mrelax-relocations -mllvm -disable-aligned-alloc-awareness=1 -o CMakeFiles/cmTC_bde8e.dir/CMakeCCompilerABI.c.o /var/folders/r9/td4q3yqx7fx1yklgypmnxkth0000gn/T//cciuGXRl.s]
  ignore line: [COMPILER_PATH=/opt/homebrew/Cellar/gcc/14.1.0_2/bin/../libexec/gcc/aarch64-apple-darwin23/14/:/opt/homebrew/Cellar/gcc/14.1.0_2/bin/../libexec/gcc/]
  ignore line: [LIBRARY_PATH=/opt/homebrew/Cellar/gcc/14.1.0_2/bin/../lib/gcc/current/gcc/aarch64-apple-darwin23/14/:/opt/homebrew/Cellar/gcc/14.1.0_2/bin/../lib/gcc/current/gcc/:/opt/homebrew/Cellar/gcc/14.1.0_2/bin/../lib/gcc/current/gcc/aarch64-apple-darwin23/14/../../../]
  ignore line: [COLLECT_GCC_OPTIONS='-fdiagnostics-color=always' '-isysroot' '/Applications/Xcode.app/Contents/Developer/Platforms/MacOSX.platform/Developer/SDKs/MacOSX14.5.sdk' '-v' '-o' 'CMakeFiles/cmTC_bde8e.dir/CMakeCCompilerABI.c.o' '-c' '-mmacosx-version-min=14.0.0'  '-nodefaultexport' '-mcpu=apple-m1' '-mlittle-endian' '-mabi=lp64' '-dumpdir' 'CMakeFiles/cmTC_bde8e.dir/CMakeCCompilerABI.c.']
  ignore line: [[2/2] Linking C executable cmTC_bde8e]
  ignore line: [Using built-in specs.]
  ignore line: [COLLECT_GCC=/opt/homebrew/bin/gcc]
  ignore line: [COLLECT_LTO_WRAPPER=/opt/homebrew/Cellar/gcc/14.1.0_2/bin/../libexec/gcc/aarch64-apple-darwin23/14/lto-wrapper]
  ignore line: [Target: aarch64-apple-darwin23]
  ignore line: [Configured with: ../configure --prefix=/opt/homebrew/opt/gcc --libdir=/opt/homebrew/opt/gcc/lib/gcc/current --disable-nls --enable-checking=release --with-gcc-major-version-only --enable-languages=c c++ objc obj-c++ fortran m2 --program-suffix=-14 --with-gmp=/opt/homebrew/opt/gmp --with-mpfr=/opt/homebrew/opt/mpfr --with-mpc=/opt/homebrew/opt/libmpc --with-isl=/opt/homebrew/opt/isl --with-zstd=/opt/homebrew/opt/zstd --with-pkgversion='Homebrew GCC 14.1.0_2' --with-bugurl=https://github.com/Homebrew/homebrew-core/issues --with-system-zlib --build=aarch64-apple-darwin23 --with-sysroot=/Library/Developer/CommandLineTools/SDKs/MacOSX14.sdk]
  ignore line: [Thread model: posix]
  ignore line: [Supported LTO compression algorithms: zlib zstd]
  ignore line: [gcc version 14.1.0 (Homebrew GCC 14.1.0_2) ]
  ignore line: [COMPILER_PATH=/opt/homebrew/Cellar/gcc/14.1.0_2/bin/../libexec/gcc/aarch64-apple-darwin23/14/:/opt/homebrew/Cellar/gcc/14.1.0_2/bin/../libexec/gcc/]
  ignore line: [LIBRARY_PATH=/opt/homebrew/Cellar/gcc/14.1.0_2/bin/../lib/gcc/current/gcc/aarch64-apple-darwin23/14/:/opt/homebrew/Cellar/gcc/14.1.0_2/bin/../lib/gcc/current/gcc/:/opt/homebrew/Cellar/gcc/14.1.0_2/bin/../lib/gcc/current/gcc/aarch64-apple-darwin23/14/../../../]
  ignore line: [COLLECT_GCC_OPTIONS='-isysroot' '/Applications/Xcode.app/Contents/Developer/Platforms/MacOSX.platform/Developer/SDKs/MacOSX14.5.sdk' '-v' '-o' 'cmTC_bde8e' '-mmacosx-version-min=14.0.0' '-asm_macosx_version_min=14.0' '-nodefaultexport' '-mcpu=apple-m1' '-mlittle-endian' '-mabi=lp64' '-dumpdir' 'cmTC_bde8e.']
  link line: [ /opt/homebrew/Cellar/gcc/14.1.0_2/bin/../libexec/gcc/aarch64-apple-darwin23/14/collect2 -demangle -dynamic -arch arm64 -syslibroot /Applications/Xcode.app/Contents/Developer/Platforms/MacOSX.platform/Developer/SDKs/MacOSX14.5.sdk -platform_version macos 14.0.0 0.0 -o cmTC_bde8e -L/opt/homebrew/Cellar/gcc/14.1.0_2/bin/../lib/gcc/current/gcc/aarch64-apple-darwin23/14 -L/opt/homebrew/Cellar/gcc/14.1.0_2/bin/../lib/gcc/current/gcc -L/opt/homebrew/Cellar/gcc/14.1.0_2/bin/../lib/gcc/current/gcc/aarch64-apple-darwin23/14/../../.. -lemutls_w -lheapt_w -search_paths_first -headerpad_max_install_names -v CMakeFiles/cmTC_bde8e.dir/CMakeCCompilerABI.c.o -lgcc -lSystem -no_compact_unwind -rpath @loader_path -rpath /opt/homebrew/Cellar/gcc/14.1.0_2/lib/gcc/current/gcc/aarch64-apple-darwin23/14 -rpath /opt/homebrew/Cellar/gcc/14.1.0_2/lib/gcc/current/gcc -rpath /opt/homebrew/Cellar/gcc/14.1.0_2/lib/gcc/current]
    arg [/opt/homebrew/Cellar/gcc/14.1.0_2/bin/../libexec/gcc/aarch64-apple-darwin23/14/collect2] ==> ignore
    arg [-demangle] ==> ignore
    arg [-dynamic] ==> ignore
    arg [-arch] ==> ignore
    arg [arm64] ==> ignore
    arg [-syslibroot] ==> ignore
    arg [/Applications/Xcode.app/Contents/Developer/Platforms/MacOSX.platform/Developer/SDKs/MacOSX14.5.sdk] ==> ignore
    arg [-platform_version] ==> ignore
    arg [macos] ==> ignore
    arg [14.0.0] ==> ignore
    arg [0.0] ==> ignore
    arg [-o] ==> ignore
    arg [cmTC_bde8e] ==> ignore
    arg [-L/opt/homebrew/Cellar/gcc/14.1.0_2/bin/../lib/gcc/current/gcc/aarch64-apple-darwin23/14] ==> dir [/opt/homebrew/Cellar/gcc/14.1.0_2/bin/../lib/gcc/current/gcc/aarch64-apple-darwin23/14]
    arg [-L/opt/homebrew/Cellar/gcc/14.1.0_2/bin/../lib/gcc/current/gcc] ==> dir [/opt/homebrew/Cellar/gcc/14.1.0_2/bin/../lib/gcc/current/gcc]
    arg [-L/opt/homebrew/Cellar/gcc/14.1.0_2/bin/../lib/gcc/current/gcc/aarch64-apple-darwin23/14/../../..] ==> dir [/opt/homebrew/Cellar/gcc/14.1.0_2/bin/../lib/gcc/current/gcc/aarch64-apple-darwin23/14/../../..]
    arg [-lemutls_w] ==> lib [emutls_w]
    arg [-lheapt_w] ==> lib [heapt_w]
    arg [-search_paths_first] ==> ignore
    arg [-headerpad_max_install_names] ==> ignore
    arg [-v] ==> ignore
    arg [CMakeFiles/cmTC_bde8e.dir/CMakeCCompilerABI.c.o] ==> ignore
    arg [-lgcc] ==> lib [gcc]
    arg [-lSystem] ==> lib [System]
    arg [-no_compact_unwind] ==> ignore
    arg [-rpath] ==> ignore
    arg [@loader_path] ==> ignore
    arg [-rpath] ==> ignore
    arg [/opt/homebrew/Cellar/gcc/14.1.0_2/lib/gcc/current/gcc/aarch64-apple-darwin23/14] ==> ignore
    arg [-rpath] ==> ignore
    arg [/opt/homebrew/Cellar/gcc/14.1.0_2/lib/gcc/current/gcc] ==> ignore
    arg [-rpath] ==> ignore
    arg [/opt/homebrew/Cellar/gcc/14.1.0_2/lib/gcc/current] ==> ignore
  Library search paths: [;/opt/homebrew/Cellar/gcc/14.1.0_2/lib/gcc/current/gcc/aarch64-apple-darwin23/14;/opt/homebrew/Cellar/gcc/14.1.0_2/lib/gcc/current/gcc;/opt/homebrew/Cellar/gcc/14.1.0_2/lib/gcc/current;/Applications/Xcode.app/Contents/Developer/Platforms/MacOSX.platform/Developer/SDKs/MacOSX14.5.sdk/usr/lib;/Applications/Xcode.app/Contents/Developer/Platforms/MacOSX.platform/Developer/SDKs/MacOSX14.5.sdk/usr/lib/swift]
  Framework search paths: [;/Applications/Xcode.app/Contents/Developer/Platforms/MacOSX.platform/Developer/SDKs/MacOSX14.5.sdk/System/Library/Frameworks]
  remove lib [System]
  collapse library dir [/opt/homebrew/Cellar/gcc/14.1.0_2/bin/../lib/gcc/current/gcc/aarch64-apple-darwin23/14] ==> [/opt/homebrew/Cellar/gcc/14.1.0_2/lib/gcc/current/gcc/aarch64-apple-darwin23/14]
  collapse library dir [/opt/homebrew/Cellar/gcc/14.1.0_2/bin/../lib/gcc/current/gcc] ==> [/opt/homebrew/Cellar/gcc/14.1.0_2/lib/gcc/current/gcc]
  collapse library dir [/opt/homebrew/Cellar/gcc/14.1.0_2/bin/../lib/gcc/current/gcc/aarch64-apple-darwin23/14/../../..] ==> [/opt/homebrew/Cellar/gcc/14.1.0_2/lib/gcc/current]
  collapse library dir [/opt/homebrew/Cellar/gcc/14.1.0_2/lib/gcc/current/gcc/aarch64-apple-darwin23/14] ==> [/opt/homebrew/Cellar/gcc/14.1.0_2/lib/gcc/current/gcc/aarch64-apple-darwin23/14]
  collapse library dir [/opt/homebrew/Cellar/gcc/14.1.0_2/lib/gcc/current/gcc] ==> [/opt/homebrew/Cellar/gcc/14.1.0_2/lib/gcc/current/gcc]
  collapse library dir [/opt/homebrew/Cellar/gcc/14.1.0_2/lib/gcc/current] ==> [/opt/homebrew/Cellar/gcc/14.1.0_2/lib/gcc/current]
  collapse library dir [/Applications/Xcode.app/Contents/Developer/Platforms/MacOSX.platform/Developer/SDKs/MacOSX14.5.sdk/usr/lib] ==> [/Applications/Xcode.app/Contents/Developer/Platforms/MacOSX.platform/Developer/SDKs/MacOSX14.5.sdk/usr/lib]
  collapse library dir [/Applications/Xcode.app/Contents/Developer/Platforms/MacOSX.platform/Developer/SDKs/MacOSX14.5.sdk/usr/lib/swift] ==> [/Applications/Xcode.app/Contents/Developer/Platforms/MacOSX.platform/Developer/SDKs/MacOSX14.5.sdk/usr/lib/swift]
  collapse framework dir [/Applications/Xcode.app/Contents/Developer/Platforms/MacOSX.platform/Developer/SDKs/MacOSX14.5.sdk/System/Library/Frameworks] ==> [/Applications/Xcode.app/Contents/Developer/Platforms/MacOSX.platform/Developer/SDKs/MacOSX14.5.sdk/System/Library/Frameworks]
  implicit libs: [emutls_w;heapt_w;gcc]
  implicit objs: []
  implicit dirs: [/opt/homebrew/Cellar/gcc/14.1.0_2/lib/gcc/current/gcc/aarch64-apple-darwin23/14;/opt/homebrew/Cellar/gcc/14.1.0_2/lib/gcc/current/gcc;/opt/homebrew/Cellar/gcc/14.1.0_2/lib/gcc/current;/Applications/Xcode.app/Contents/Developer/Platforms/MacOSX.platform/Developer/SDKs/MacOSX14.5.sdk/usr/lib;/Applications/Xcode.app/Contents/Developer/Platforms/MacOSX.platform/Developer/SDKs/MacOSX14.5.sdk/usr/lib/swift]
  implicit fwks: [/Applications/Xcode.app/Contents/Developer/Platforms/MacOSX.platform/Developer/SDKs/MacOSX14.5.sdk/System/Library/Frameworks]


Detecting CXX compiler ABI info compiled with the following output:
Change Dir: /Users/canozaydin/CLionProjects/LeetCode/Two_Sum/cmake-build-debug/CMakeFiles/CMakeTmp

Run Build Command(s):/Applications/CLion.app/Contents/bin/ninja/mac/ninja cmTC_6050d && [1/2] Building CXX object CMakeFiles/cmTC_6050d.dir/CMakeCXXCompilerABI.cpp.o
Using built-in specs.
COLLECT_GCC=/opt/homebrew/bin/g++
Target: aarch64-apple-darwin23
Configured with: ../configure --prefix=/opt/homebrew/opt/gcc --libdir=/opt/homebrew/opt/gcc/lib/gcc/current --disable-nls --enable-checking=release --with-gcc-major-version-only --enable-languages=c,c++,objc,obj-c++,fortran,m2 --program-suffix=-14 --with-gmp=/opt/homebrew/opt/gmp --with-mpfr=/opt/homebrew/opt/mpfr --with-mpc=/opt/homebrew/opt/libmpc --with-isl=/opt/homebrew/opt/isl --with-zstd=/opt/homebrew/opt/zstd --with-pkgversion='Homebrew GCC 14.1.0_2' --with-bugurl=https://github.com/Homebrew/homebrew-core/issues --with-system-zlib --build=aarch64-apple-darwin23 --with-sysroot=/Library/Developer/CommandLineTools/SDKs/MacOSX14.sdk
Thread model: posix
Supported LTO compression algorithms: zlib zstd
gcc version 14.1.0 (Homebrew GCC 14.1.0_2) 
COLLECT_GCC_OPTIONS='-fdiagnostics-color=always' '-isysroot' '/Applications/Xcode.app/Contents/Developer/Platforms/MacOSX.platform/Developer/SDKs/MacOSX14.5.sdk' '-v' '-o' 'CMakeFiles/cmTC_6050d.dir/CMakeCXXCompilerABI.cpp.o' '-c' '-mmacosx-version-min=14.0.0' '-asm_macosx_version_min=14.0' '-nodefaultexport' '-mcpu=apple-m1' '-mlittle-endian' '-mabi=lp64' '-dumpdir' 'CMakeFiles/cmTC_6050d.dir/'
 /opt/homebrew/Cellar/gcc/14.1.0_2/bin/../libexec/gcc/aarch64-apple-darwin23/14/cc1plus -quiet -v -iprefix /opt/homebrew/Cellar/gcc/14.1.0_2/bin/../lib/gcc/current/gcc/aarch64-apple-darwin23/14/ -D__DYNAMIC__ -isysroot /Applications/Xcode.app/Contents/Developer/Platforms/MacOSX.platform/Developer/SDKs/MacOSX14.5.sdk /Applications/CLion.app/Contents/bin/cmake/mac/share/cmake-3.24/Modules/CMakeCXXCompilerABI.cpp -fPIC -quiet -dumpdir CMakeFiles/cmTC_6050d.dir/ -dumpbase CMakeCXXCompilerABI.cpp.cpp -dumpbase-ext .cpp -mmacosx-version-min=14.0.0 -mcpu=apple-m1 -mlittle-endian -mabi=lp64 -version -fdiagnostics-color=always -o /var/folders/r9/td4q3yqx7fx1yklgypmnxkth0000gn/T//ccBTjasP.s
GNU C++17 (Homebrew GCC 14.1.0_2) version 14.1.0 (aarch64-apple-darwin23)
	compiled by GNU C version 14.1.0, GMP version 6.3.0, MPFR version 4.2.1, MPC version 1.3.1, isl version isl-0.26-GMP

GGC heuristics: --param ggc-min-expand=100 --param ggc-min-heapsize=131072
ignoring nonexistent directory "/opt/homebrew/Cellar/gcc/14.1.0_2/bin/../lib/gcc/current/gcc/aarch64-apple-darwin23/14/../../../../../../aarch64-apple-darwin23/include"
ignoring duplicate directory "/opt/homebrew/Cellar/gcc/14.1.0_2/bin/../lib/gcc/current/gcc/../../../../lib/gcc/current/gcc/aarch64-apple-darwin23/14/../../../../../../include/c++/14"
ignoring duplicate directory "/opt/homebrew/Cellar/gcc/14.1.0_2/bin/../lib/gcc/current/gcc/../../../../lib/gcc/current/gcc/aarch64-apple-darwin23/14/../../../../../../include/c++/14/aarch64-apple-darwin23"
ignoring duplicate directory "/opt/homebrew/Cellar/gcc/14.1.0_2/bin/../lib/gcc/current/gcc/../../../../lib/gcc/current/gcc/aarch64-apple-darwin23/14/../../../../../../include/c++/14/backward"
ignoring duplicate directory "/opt/homebrew/Cellar/gcc/14.1.0_2/bin/../lib/gcc/current/gcc/../../../../lib/gcc/current/gcc/aarch64-apple-darwin23/14/include"
ignoring nonexistent directory "/Applications/Xcode.app/Contents/Developer/Platforms/MacOSX.platform/Developer/SDKs/MacOSX14.5.sdk/usr/local/include"
ignoring duplicate directory "/opt/homebrew/Cellar/gcc/14.1.0_2/bin/../lib/gcc/current/gcc/../../../../lib/gcc/current/gcc/aarch64-apple-darwin23/14/include-fixed"
ignoring nonexistent directory "/opt/homebrew/Cellar/gcc/14.1.0_2/bin/../lib/gcc/current/gcc/../../../../lib/gcc/current/gcc/aarch64-apple-darwin23/14/../../../../../../aarch64-apple-darwin23/include"
ignoring nonexistent directory "/Applications/Xcode.app/Contents/Developer/Platforms/MacOSX.platform/Developer/SDKs/MacOSX14.5.sdk/Library/Frameworks"
#include "..." search starts here:
#include <...> search starts here:
 /opt/homebrew/Cellar/gcc/14.1.0_2/bin/../lib/gcc/current/gcc/aarch64-apple-darwin23/14/../../../../../../include/c++/14
 /opt/homebrew/Cellar/gcc/14.1.0_2/bin/../lib/gcc/current/gcc/aarch64-apple-darwin23/14/../../../../../../include/c++/14/aarch64-apple-darwin23
 /opt/homebrew/Cellar/gcc/14.1.0_2/bin/../lib/gcc/current/gcc/aarch64-apple-darwin23/14/../../../../../../include/c++/14/backward
 /opt/homebrew/Cellar/gcc/14.1.0_2/bin/../lib/gcc/current/gcc/aarch64-apple-darwin23/14/include
 /opt/homebrew/Cellar/gcc/14.1.0_2/bin/../lib/gcc/current/gcc/aarch64-apple-darwin23/14/include-fixed
 /Applications/Xcode.app/Contents/Developer/Platforms/MacOSX.platform/Developer/SDKs/MacOSX14.5.sdk/usr/include
 /Applications/Xcode.app/Contents/Developer/Platforms/MacOSX.platform/Developer/SDKs/MacOSX14.5.sdk/System/Library/Frameworks
End of search list.
Compiler executable checksum: d02f1aa369e95e41a0b47420169bdaa0
COLLECT_GCC_OPTIONS='-fdiagnostics-color=always' '-isysroot' '/Applications/Xcode.app/Contents/Developer/Platforms/MacOSX.platform/Developer/SDKs/MacOSX14.5.sdk' '-v' '-o' 'CMakeFiles/cmTC_6050d.dir/CMakeCXXCompilerABI.cpp.o' '-c' '-mmacosx-version-min=14.0.0'  '-nodefaultexport' '-mcpu=apple-m1' '-mlittle-endian' '-mabi=lp64' '-dumpdir' 'CMakeFiles/cmTC_6050d.dir/'
 as -arch arm64 -v -mmacosx-version-min=14.0 -o CMakeFiles/cmTC_6050d.dir/CMakeCXXCompilerABI.cpp.o /var/folders/r9/td4q3yqx7fx1yklgypmnxkth0000gn/T//ccBTjasP.s
Apple clang version 15.0.0 (clang-1500.3.9.4)
Target: arm64-apple-darwin23.5.0
Thread model: posix
InstalledDir: /Applications/Xcode.app/Contents/Developer/Toolchains/XcodeDefault.xctoolchain/usr/bin
 "/Applications/Xcode.app/Contents/Developer/Toolchains/XcodeDefault.xctoolchain/usr/bin/clang" -cc1as -triple arm64-apple-macosx14.0.0 -filetype obj -main-file-name ccBTjasP.s -target-cpu apple-m1 -target-feature +v8.5a -target-feature +crc -target-feature +lse -target-feature +rdm -target-feature +crypto -target-feature +dotprod -target-feature +fp-armv8 -target-feature +neon -target-feature +fp16fml -target-feature +ras -target-feature +rcpc -target-feature +zcm -target-feature +zcz -target-feature +fullfp16 -target-feature +sm4 -target-feature +sha3 -target-feature +sha2 -target-feature +aes -fdebug-compilation-dir=/Users/canozaydin/CLionProjects/LeetCode/Two_Sum/cmake-build-debug/CMakeFiles/CMakeTmp -dwarf-debug-producer "Apple clang version 15.0.0 (clang-1500.3.9.4)" -dwarf-version=4 -mrelocation-model pic --mrelax-relocations -mllvm -disable-aligned-alloc-awareness=1 -o CMakeFiles/cmTC_6050d.dir/CMakeCXXCompilerABI.cpp.o /var/folders/r9/td4q3yqx7fx1yklgypmnxkth0000gn/T//ccBTjasP.s
COMPILER_PATH=/opt/homebrew/Cellar/gcc/14.1.0_2/bin/../libexec/gcc/aarch64-apple-darwin23/14/:/opt/homebrew/Cellar/gcc/14.1.0_2/bin/../libexec/gcc/
LIBRARY_PATH=/opt/homebrew/Cellar/gcc/14.1.0_2/bin/../lib/gcc/current/gcc/aarch64-apple-darwin23/14/:/opt/homebrew/Cellar/gcc/14.1.0_2/bin/../lib/gcc/current/gcc/:/opt/homebrew/Cellar/gcc/14.1.0_2/bin/../lib/gcc/current/gcc/aarch64-apple-darwin23/14/../../../
COLLECT_GCC_OPTIONS='-fdiagnostics-color=always' '-isysroot' '/Applications/Xcode.app/Contents/Developer/Platforms/MacOSX.platform/Developer/SDKs/MacOSX14.5.sdk' '-v' '-o' 'CMakeFiles/cmTC_6050d.dir/CMakeCXXCompilerABI.cpp.o' '-c' '-mmacosx-version-min=14.0.0'  '-nodefaultexport' '-mcpu=apple-m1' '-mlittle-endian' '-mabi=lp64' '-dumpdir' 'CMakeFiles/cmTC_6050d.dir/CMakeCXXCompilerABI.cpp.'
[2/2] Linking CXX executable cmTC_6050d
Using built-in specs.
COLLECT_GCC=/opt/homebrew/bin/g++
COLLECT_LTO_WRAPPER=/opt/homebrew/Cellar/gcc/14.1.0_2/bin/../libexec/gcc/aarch64-apple-darwin23/14/lto-wrapper
Target: aarch64-apple-darwin23
Configured with: ../configure --prefix=/opt/homebrew/opt/gcc --libdir=/opt/homebrew/opt/gcc/lib/gcc/current --disable-nls --enable-checking=release --with-gcc-major-version-only --enable-languages=c,c++,objc,obj-c++,fortran,m2 --program-suffix=-14 --with-gmp=/opt/homebrew/opt/gmp --with-mpfr=/opt/homebrew/opt/mpfr --with-mpc=/opt/homebrew/opt/libmpc --with-isl=/opt/homebrew/opt/isl --with-zstd=/opt/homebrew/opt/zstd --with-pkgversion='Homebrew GCC 14.1.0_2' --with-bugurl=https://github.com/Homebrew/homebrew-core/issues --with-system-zlib --build=aarch64-apple-darwin23 --with-sysroot=/Library/Developer/CommandLineTools/SDKs/MacOSX14.sdk
Thread model: posix
Supported LTO compression algorithms: zlib zstd
gcc version 14.1.0 (Homebrew GCC 14.1.0_2) 
COMPILER_PATH=/opt/homebrew/Cellar/gcc/14.1.0_2/bin/../libexec/gcc/aarch64-apple-darwin23/14/:/opt/homebrew/Cellar/gcc/14.1.0_2/bin/../libexec/gcc/
LIBRARY_PATH=/opt/homebrew/Cellar/gcc/14.1.0_2/bin/../lib/gcc/current/gcc/aarch64-apple-darwin23/14/:/opt/homebrew/Cellar/gcc/14.1.0_2/bin/../lib/gcc/current/gcc/:/opt/homebrew/Cellar/gcc/14.1.0_2/bin/../lib/gcc/current/gcc/aarch64-apple-darwin23/14/../../../
COLLECT_GCC_OPTIONS='-isysroot' '/Applications/Xcode.app/Contents/Developer/Platforms/MacOSX.platform/Developer/SDKs/MacOSX14.5.sdk' '-v' '-o' 'cmTC_6050d' '-mmacosx-version-min=14.0.0' '-asm_macosx_version_min=14.0' '-nodefaultexport' '-mcpu=apple-m1' '-mlittle-endian' '-mabi=lp64' '-dumpdir' 'cmTC_6050d.'
 /opt/homebrew/Cellar/gcc/14.1.0_2/bin/../libexec/gcc/aarch64-apple-darwin23/14/collect2 -demangle -dynamic -arch arm64 -syslibroot /Applications/Xcode.app/Contents/Developer/Platforms/MacOSX.platform/Developer/SDKs/MacOSX14.5.sdk -platform_version macos 14.0.0 0.0 -o cmTC_6050d -L/opt/homebrew/Cellar/gcc/14.1.0_2/bin/../lib/gcc/current/gcc/aarch64-apple-darwin23/14 -L/opt/homebrew/Cellar/gcc/14.1.0_2/bin/../lib/gcc/current/gcc -L/opt/homebrew/Cellar/gcc/14.1.0_2/bin/../lib/gcc/current/gcc/aarch64-apple-darwin23/14/../../.. -lemutls_w -lheapt_w -search_paths_first -headerpad_max_install_names -v CMakeFiles/cmTC_6050d.dir/CMakeCXXCompilerABI.cpp.o -lstdc++ -lgcc -lSystem -no_compact_unwind -rpath @loader_path -rpath /opt/homebrew/Cellar/gcc/14.1.0_2/lib/gcc/current/gcc/aarch64-apple-darwin23/14 -rpath /opt/homebrew/Cellar/gcc/14.1.0_2/lib/gcc/current/gcc -rpath /opt/homebrew/Cellar/gcc/14.1.0_2/lib/gcc/current
collect2 version 14.1.0
/usr/bin/ld -demangle -dynamic -arch arm64 -syslibroot /Applications/Xcode.app/Contents/Developer/Platforms/MacOSX.platform/Developer/SDKs/MacOSX14.5.sdk -platform_version macos 14.0.0 0.0 -o cmTC_6050d -L/opt/homebrew/Cellar/gcc/14.1.0_2/bin/../lib/gcc/current/gcc/aarch64-apple-darwin23/14 -L/opt/homebrew/Cellar/gcc/14.1.0_2/bin/../lib/gcc/current/gcc -L/opt/homebrew/Cellar/gcc/14.1.0_2/bin/../lib/gcc/current/gcc/aarch64-apple-darwin23/14/../../.. -lemutls_w -lheapt_w -search_paths_first -headerpad_max_install_names -v CMakeFiles/cmTC_6050d.dir/CMakeCXXCompilerABI.cpp.o -lstdc++ -lgcc -lSystem -no_compact_unwind -rpath @loader_path -rpath /opt/homebrew/Cellar/gcc/14.1.0_2/lib/gcc/current/gcc/aarch64-apple-darwin23/14 -rpath /opt/homebrew/Cellar/gcc/14.1.0_2/lib/gcc/current/gcc -rpath /opt/homebrew/Cellar/gcc/14.1.0_2/lib/gcc/current
@(#)PROGRAM:ld PROJECT:ld-1053.12
BUILD 10:15:51 Mar 29 2024
configured to support archs: armv6 armv7 armv7s arm64 arm64e arm64_32 i386 x86_64 x86_64h armv6m armv7k armv7m armv7em
will use ld-classic for: armv6 armv7 armv7s arm64_32 i386 armv6m armv7k armv7m armv7em
LTO support using: LLVM version 15.0.0 (static support for 29, runtime is 29)
TAPI support using: Apple TAPI version 15.0.0 (tapi-1500.3.2.2)
Library search paths:
	/opt/homebrew/Cellar/gcc/14.1.0_2/lib/gcc/current/gcc/aarch64-apple-darwin23/14
	/opt/homebrew/Cellar/gcc/14.1.0_2/lib/gcc/current/gcc
	/opt/homebrew/Cellar/gcc/14.1.0_2/lib/gcc/current
	/Applications/Xcode.app/Contents/Developer/Platforms/MacOSX.platform/Developer/SDKs/MacOSX14.5.sdk/usr/lib
	/Applications/Xcode.app/Contents/Developer/Platforms/MacOSX.platform/Developer/SDKs/MacOSX14.5.sdk/usr/lib/swift
Framework search paths:
	/Applications/Xcode.app/Contents/Developer/Platforms/MacOSX.platform/Developer/SDKs/MacOSX14.5.sdk/System/Library/Frameworks



Parsed CXX implicit include dir info from above output: rv=done
  found start of include info
  found start of implicit include info
    add: [/opt/homebrew/Cellar/gcc/14.1.0_2/bin/../lib/gcc/current/gcc/aarch64-apple-darwin23/14/../../../../../../include/c++/14]
    add: [/opt/homebrew/Cellar/gcc/14.1.0_2/bin/../lib/gcc/current/gcc/aarch64-apple-darwin23/14/../../../../../../include/c++/14/aarch64-apple-darwin23]
    add: [/opt/homebrew/Cellar/gcc/14.1.0_2/bin/../lib/gcc/current/gcc/aarch64-apple-darwin23/14/../../../../../../include/c++/14/backward]
    add: [/opt/homebrew/Cellar/gcc/14.1.0_2/bin/../lib/gcc/current/gcc/aarch64-apple-darwin23/14/include]
    add: [/opt/homebrew/Cellar/gcc/14.1.0_2/bin/../lib/gcc/current/gcc/aarch64-apple-darwin23/14/include-fixed]
    add: [/Applications/Xcode.app/Contents/Developer/Platforms/MacOSX.platform/Developer/SDKs/MacOSX14.5.sdk/usr/include]
    add: [/Applications/Xcode.app/Contents/Developer/Platforms/MacOSX.platform/Developer/SDKs/MacOSX14.5.sdk/System/Library/Frameworks]
  end of search list found
  collapse include dir [/opt/homebrew/Cellar/gcc/14.1.0_2/bin/../lib/gcc/current/gcc/aarch64-apple-darwin23/14/../../../../../../include/c++/14] ==> [/opt/homebrew/Cellar/gcc/14.1.0_2/include/c++/14]
  collapse include dir [/opt/homebrew/Cellar/gcc/14.1.0_2/bin/../lib/gcc/current/gcc/aarch64-apple-darwin23/14/../../../../../../include/c++/14/aarch64-apple-darwin23] ==> [/opt/homebrew/Cellar/gcc/14.1.0_2/include/c++/14/aarch64-apple-darwin23]
  collapse include dir [/opt/homebrew/Cellar/gcc/14.1.0_2/bin/../lib/gcc/current/gcc/aarch64-apple-darwin23/14/../../../../../../include/c++/14/backward] ==> [/opt/homebrew/Cellar/gcc/14.1.0_2/include/c++/14/backward]
  collapse include dir [/opt/homebrew/Cellar/gcc/14.1.0_2/bin/../lib/gcc/current/gcc/aarch64-apple-darwin23/14/include] ==> [/opt/homebrew/Cellar/gcc/14.1.0_2/lib/gcc/current/gcc/aarch64-apple-darwin23/14/include]
  collapse include dir [/opt/homebrew/Cellar/gcc/14.1.0_2/bin/../lib/gcc/current/gcc/aarch64-apple-darwin23/14/include-fixed] ==> [/opt/homebrew/Cellar/gcc/14.1.0_2/lib/gcc/current/gcc/aarch64-apple-darwin23/14/include-fixed]
  collapse include dir [/Applications/Xcode.app/Contents/Developer/Platforms/MacOSX.platform/Developer/SDKs/MacOSX14.5.sdk/usr/include] ==> [/Applications/Xcode.app/Contents/Developer/Platforms/MacOSX.platform/Developer/SDKs/MacOSX14.5.sdk/usr/include]
  collapse include dir [/Applications/Xcode.app/Contents/Developer/Platforms/MacOSX.platform/Developer/SDKs/MacOSX14.5.sdk/System/Library/Frameworks] ==> [/Applications/Xcode.app/Contents/Developer/Platforms/MacOSX.platform/Developer/SDKs/MacOSX14.5.sdk/System/Library/Frameworks]
  implicit include dirs: [/opt/homebrew/Cellar/gcc/14.1.0_2/include/c++/14;/opt/homebrew/Cellar/gcc/14.1.0_2/include/c++/14/aarch64-apple-darwin23;/opt/homebrew/Cellar/gcc/14.1.0_2/include/c++/14/backward;/opt/homebrew/Cellar/gcc/14.1.0_2/lib/gcc/current/gcc/aarch64-apple-darwin23/14/include;/opt/homebrew/Cellar/gcc/14.1.0_2/lib/gcc/current/gcc/aarch64-apple-darwin23/14/include-fixed;/Applications/Xcode.app/Contents/Developer/Platforms/MacOSX.platform/Developer/SDKs/MacOSX14.5.sdk/usr/include;/Applications/Xcode.app/Contents/Developer/Platforms/MacOSX.platform/Developer/SDKs/MacOSX14.5.sdk/System/Library/Frameworks]


Parsed CXX implicit link information from above output:
  link line regex: [^( *|.*[/\])(ld|CMAKE_LINK_STARTFILE-NOTFOUND|([^/\]+-)?ld|collect2)[^/\]*( |$)]
  ignore line: [Change Dir: /Users/canozaydin/CLionProjects/LeetCode/Two_Sum/cmake-build-debug/CMakeFiles/CMakeTmp]
  ignore line: []
  ignore line: [Run Build Command(s):/Applications/CLion.app/Contents/bin/ninja/mac/ninja cmTC_6050d && [1/2] Building CXX object CMakeFiles/cmTC_6050d.dir/CMakeCXXCompilerABI.cpp.o]
  ignore line: [Using built-in specs.]
  ignore line: [COLLECT_GCC=/opt/homebrew/bin/g++]
  ignore line: [Target: aarch64-apple-darwin23]
  ignore line: [Configured with: ../configure --prefix=/opt/homebrew/opt/gcc --libdir=/opt/homebrew/opt/gcc/lib/gcc/current --disable-nls --enable-checking=release --with-gcc-major-version-only --enable-languages=c c++ objc obj-c++ fortran m2 --program-suffix=-14 --with-gmp=/opt/homebrew/opt/gmp --with-mpfr=/opt/homebrew/opt/mpfr --with-mpc=/opt/homebrew/opt/libmpc --with-isl=/opt/homebrew/opt/isl --with-zstd=/opt/homebrew/opt/zstd --with-pkgversion='Homebrew GCC 14.1.0_2' --with-bugurl=https://github.com/Homebrew/homebrew-core/issues --with-system-zlib --build=aarch64-apple-darwin23 --with-sysroot=/Library/Developer/CommandLineTools/SDKs/MacOSX14.sdk]
  ignore line: [Thread model: posix]
  ignore line: [Supported LTO compression algorithms: zlib zstd]
  ignore line: [gcc version 14.1.0 (Homebrew GCC 14.1.0_2) ]
  ignore line: [COLLECT_GCC_OPTIONS='-fdiagnostics-color=always' '-isysroot' '/Applications/Xcode.app/Contents/Developer/Platforms/MacOSX.platform/Developer/SDKs/MacOSX14.5.sdk' '-v' '-o' 'CMakeFiles/cmTC_6050d.dir/CMakeCXXCompilerABI.cpp.o' '-c' '-mmacosx-version-min=14.0.0' '-asm_macosx_version_min=14.0' '-nodefaultexport' '-mcpu=apple-m1' '-mlittle-endian' '-mabi=lp64' '-dumpdir' 'CMakeFiles/cmTC_6050d.dir/']
  ignore line: [ /opt/homebrew/Cellar/gcc/14.1.0_2/bin/../libexec/gcc/aarch64-apple-darwin23/14/cc1plus -quiet -v -iprefix /opt/homebrew/Cellar/gcc/14.1.0_2/bin/../lib/gcc/current/gcc/aarch64-apple-darwin23/14/ -D__DYNAMIC__ -isysroot /Applications/Xcode.app/Contents/Developer/Platforms/MacOSX.platform/Developer/SDKs/MacOSX14.5.sdk /Applications/CLion.app/Contents/bin/cmake/mac/share/cmake-3.24/Modules/CMakeCXXCompilerABI.cpp -fPIC -quiet -dumpdir CMakeFiles/cmTC_6050d.dir/ -dumpbase CMakeCXXCompilerABI.cpp.cpp -dumpbase-ext .cpp -mmacosx-version-min=14.0.0 -mcpu=apple-m1 -mlittle-endian -mabi=lp64 -version -fdiagnostics-color=always -o /var/folders/r9/td4q3yqx7fx1yklgypmnxkth0000gn/T//ccBTjasP.s]
  ignore line: [GNU C++17 (Homebrew GCC 14.1.0_2) version 14.1.0 (aarch64-apple-darwin23)]
  ignore line: [	compiled by GNU C version 14.1.0  GMP version 6.3.0  MPFR version 4.2.1  MPC version 1.3.1  isl version isl-0.26-GMP]
  ignore line: []
  ignore line: [GGC heuristics: --param ggc-min-expand=100 --param ggc-min-heapsize=131072]
  ignore line: [ignoring nonexistent directory "/opt/homebrew/Cellar/gcc/14.1.0_2/bin/../lib/gcc/current/gcc/aarch64-apple-darwin23/14/../../../../../../aarch64-apple-darwin23/include"]
  ignore line: [ignoring duplicate directory "/opt/homebrew/Cellar/gcc/14.1.0_2/bin/../lib/gcc/current/gcc/../../../../lib/gcc/current/gcc/aarch64-apple-darwin23/14/../../../../../../include/c++/14"]
  ignore line: [ignoring duplicate directory "/opt/homebrew/Cellar/gcc/14.1.0_2/bin/../lib/gcc/current/gcc/../../../../lib/gcc/current/gcc/aarch64-apple-darwin23/14/../../../../../../include/c++/14/aarch64-apple-darwin23"]
  ignore line: [ignoring duplicate directory "/opt/homebrew/Cellar/gcc/14.1.0_2/bin/../lib/gcc/current/gcc/../../../../lib/gcc/current/gcc/aarch64-apple-darwin23/14/../../../../../../include/c++/14/backward"]
  ignore line: [ignoring duplicate directory "/opt/homebrew/Cellar/gcc/14.1.0_2/bin/../lib/gcc/current/gcc/../../../../lib/gcc/current/gcc/aarch64-apple-darwin23/14/include"]
  ignore line: [ignoring nonexistent directory "/Applications/Xcode.app/Contents/Developer/Platforms/MacOSX.platform/Developer/SDKs/MacOSX14.5.sdk/usr/local/include"]
  ignore line: [ignoring duplicate directory "/opt/homebrew/Cellar/gcc/14.1.0_2/bin/../lib/gcc/current/gcc/../../../../lib/gcc/current/gcc/aarch64-apple-darwin23/14/include-fixed"]
  ignore line: [ignoring nonexistent directory "/opt/homebrew/Cellar/gcc/14.1.0_2/bin/../lib/gcc/current/gcc/../../../../lib/gcc/current/gcc/aarch64-apple-darwin23/14/../../../../../../aarch64-apple-darwin23/include"]
  ignore line: [ignoring nonexistent directory "/Applications/Xcode.app/Contents/Developer/Platforms/MacOSX.platform/Developer/SDKs/MacOSX14.5.sdk/Library/Frameworks"]
  ignore line: [#include "..." search starts here:]
  ignore line: [#include <...> search starts here:]
  ignore line: [ /opt/homebrew/Cellar/gcc/14.1.0_2/bin/../lib/gcc/current/gcc/aarch64-apple-darwin23/14/../../../../../../include/c++/14]
  ignore line: [ /opt/homebrew/Cellar/gcc/14.1.0_2/bin/../lib/gcc/current/gcc/aarch64-apple-darwin23/14/../../../../../../include/c++/14/aarch64-apple-darwin23]
  ignore line: [ /opt/homebrew/Cellar/gcc/14.1.0_2/bin/../lib/gcc/current/gcc/aarch64-apple-darwin23/14/../../../../../../include/c++/14/backward]
  ignore line: [ /opt/homebrew/Cellar/gcc/14.1.0_2/bin/../lib/gcc/current/gcc/aarch64-apple-darwin23/14/include]
  ignore line: [ /opt/homebrew/Cellar/gcc/14.1.0_2/bin/../lib/gcc/current/gcc/aarch64-apple-darwin23/14/include-fixed]
  ignore line: [ /Applications/Xcode.app/Contents/Developer/Platforms/MacOSX.platform/Developer/SDKs/MacOSX14.5.sdk/usr/include]
  ignore line: [ /Applications/Xcode.app/Contents/Developer/Platforms/MacOSX.platform/Developer/SDKs/MacOSX14.5.sdk/System/Library/Frameworks]
  ignore line: [End of search list.]
  ignore line: [Compiler executable checksum: d02f1aa369e95e41a0b47420169bdaa0]
  ignore line: [COLLECT_GCC_OPTIONS='-fdiagnostics-color=always' '-isysroot' '/Applications/Xcode.app/Contents/Developer/Platforms/MacOSX.platform/Developer/SDKs/MacOSX14.5.sdk' '-v' '-o' 'CMakeFiles/cmTC_6050d.dir/CMakeCXXCompilerABI.cpp.o' '-c' '-mmacosx-version-min=14.0.0'  '-nodefaultexport' '-mcpu=apple-m1' '-mlittle-endian' '-mabi=lp64' '-dumpdir' 'CMakeFiles/cmTC_6050d.dir/']
  ignore line: [ as -arch arm64 -v -mmacosx-version-min=14.0 -o CMakeFiles/cmTC_6050d.dir/CMakeCXXCompilerABI.cpp.o /var/folders/r9/td4q3yqx7fx1yklgypmnxkth0000gn/T//ccBTjasP.s]
  ignore line: [Apple clang version 15.0.0 (clang-1500.3.9.4)]
  ignore line: [Target: arm64-apple-darwin23.5.0]
  ignore line: [Thread model: posix]
  ignore line: [InstalledDir: /Applications/Xcode.app/Contents/Developer/Toolchains/XcodeDefault.xctoolchain/usr/bin]
  ignore line: [ "/Applications/Xcode.app/Contents/Developer/Toolchains/XcodeDefault.xctoolchain/usr/bin/clang" -cc1as -triple arm64-apple-macosx14.0.0 -filetype obj -main-file-name ccBTjasP.s -target-cpu apple-m1 -target-feature +v8.5a -target-feature +crc -target-feature +lse -target-feature +rdm -target-feature +crypto -target-feature +dotprod -target-feature +fp-armv8 -target-feature +neon -target-feature +fp16fml -target-feature +ras -target-feature +rcpc -target-feature +zcm -target-feature +zcz -target-feature +fullfp16 -target-feature +sm4 -target-feature +sha3 -target-feature +sha2 -target-feature +aes -fdebug-compilation-dir=/Users/canozaydin/CLionProjects/LeetCode/Two_Sum/cmake-build-debug/CMakeFiles/CMakeTmp -dwarf-debug-producer "Apple clang version 15.0.0 (clang-1500.3.9.4)" -dwarf-version=4 -mrelocation-model pic --mrelax-relocations -mllvm -disable-aligned-alloc-awareness=1 -o CMakeFiles/cmTC_6050d.dir/CMakeCXXCompilerABI.cpp.o /var/folders/r9/td4q3yqx7fx1yklgypmnxkth0000gn/T//ccBTjasP.s]
  ignore line: [COMPILER_PATH=/opt/homebrew/Cellar/gcc/14.1.0_2/bin/../libexec/gcc/aarch64-apple-darwin23/14/:/opt/homebrew/Cellar/gcc/14.1.0_2/bin/../libexec/gcc/]
  ignore line: [LIBRARY_PATH=/opt/homebrew/Cellar/gcc/14.1.0_2/bin/../lib/gcc/current/gcc/aarch64-apple-darwin23/14/:/opt/homebrew/Cellar/gcc/14.1.0_2/bin/../lib/gcc/current/gcc/:/opt/homebrew/Cellar/gcc/14.1.0_2/bin/../lib/gcc/current/gcc/aarch64-apple-darwin23/14/../../../]
  ignore line: [COLLECT_GCC_OPTIONS='-fdiagnostics-color=always' '-isysroot' '/Applications/Xcode.app/Contents/Developer/Platforms/MacOSX.platform/Developer/SDKs/MacOSX14.5.sdk' '-v' '-o' 'CMakeFiles/cmTC_6050d.dir/CMakeCXXCompilerABI.cpp.o' '-c' '-mmacosx-version-min=14.0.0'  '-nodefaultexport' '-mcpu=apple-m1' '-mlittle-endian' '-mabi=lp64' '-dumpdir' 'CMakeFiles/cmTC_6050d.dir/CMakeCXXCompilerABI.cpp.']
  ignore line: [[2/2] Linking CXX executable cmTC_6050d]
  ignore line: [Using built-in specs.]
  ignore line: [COLLECT_GCC=/opt/homebrew/bin/g++]
  ignore line: [COLLECT_LTO_WRAPPER=/opt/homebrew/Cellar/gcc/14.1.0_2/bin/../libexec/gcc/aarch64-apple-darwin23/14/lto-wrapper]
  ignore line: [Target: aarch64-apple-darwin23]
  ignore line: [Configured with: ../configure --prefix=/opt/homebrew/opt/gcc --libdir=/opt/homebrew/opt/gcc/lib/gcc/current --disable-nls --enable-checking=release --with-gcc-major-version-only --enable-languages=c c++ objc obj-c++ fortran m2 --program-suffix=-14 --with-gmp=/opt/homebrew/opt/gmp --with-mpfr=/opt/homebrew/opt/mpfr --with-mpc=/opt/homebrew/opt/libmpc --with-isl=/opt/homebrew/opt/isl --with-zstd=/opt/homebrew/opt/zstd --with-pkgversion='Homebrew GCC 14.1.0_2' --with-bugurl=https://github.com/Homebrew/homebrew-core/issues --with-system-zlib --build=aarch64-apple-darwin23 --with-sysroot=/Library/Developer/CommandLineTools/SDKs/MacOSX14.sdk]
  ignore line: [Thread model: posix]
  ignore line: [Supported LTO compression algorithms: zlib zstd]
  ignore line: [gcc version 14.1.0 (Homebrew GCC 14.1.0_2) ]
  ignore line: [COMPILER_PATH=/opt/homebrew/Cellar/gcc/14.1.0_2/bin/../libexec/gcc/aarch64-apple-darwin23/14/:/opt/homebrew/Cellar/gcc/14.1.0_2/bin/../libexec/gcc/]
  ignore line: [LIBRARY_PATH=/opt/homebrew/Cellar/gcc/14.1.0_2/bin/../lib/gcc/current/gcc/aarch64-apple-darwin23/14/:/opt/homebrew/Cellar/gcc/14.1.0_2/bin/../lib/gcc/current/gcc/:/opt/homebrew/Cellar/gcc/14.1.0_2/bin/../lib/gcc/current/gcc/aarch64-apple-darwin23/14/../../../]
  ignore line: [COLLECT_GCC_OPTIONS='-isysroot' '/Applications/Xcode.app/Contents/Developer/Platforms/MacOSX.platform/Developer/SDKs/MacOSX14.5.sdk' '-v' '-o' 'cmTC_6050d' '-mmacosx-version-min=14.0.0' '-asm_macosx_version_min=14.0' '-nodefaultexport' '-mcpu=apple-m1' '-mlittle-endian' '-mabi=lp64' '-dumpdir' 'cmTC_6050d.']
  link line: [ /opt/homebrew/Cellar/gcc/14.1.0_2/bin/../libexec/gcc/aarch64-apple-darwin23/14/collect2 -demangle -dynamic -arch arm64 -syslibroot /Applications/Xcode.app/Contents/Developer/Platforms/MacOSX.platform/Developer/SDKs/MacOSX14.5.sdk -platform_version macos 14.0.0 0.0 -o cmTC_6050d -L/opt/homebrew/Cellar/gcc/14.1.0_2/bin/../lib/gcc/current/gcc/aarch64-apple-darwin23/14 -L/opt/homebrew/Cellar/gcc/14.1.0_2/bin/../lib/gcc/current/gcc -L/opt/homebrew/Cellar/gcc/14.1.0_2/bin/../lib/gcc/current/gcc/aarch64-apple-darwin23/14/../../.. -lemutls_w -lheapt_w -search_paths_first -headerpad_max_install_names -v CMakeFiles/cmTC_6050d.dir/CMakeCXXCompilerABI.cpp.o -lstdc++ -lgcc -lSystem -no_compact_unwind -rpath @loader_path -rpath /opt/homebrew/Cellar/gcc/14.1.0_2/lib/gcc/current/gcc/aarch64-apple-darwin23/14 -rpath /opt/homebrew/Cellar/gcc/14.1.0_2/lib/gcc/current/gcc -rpath /opt/homebrew/Cellar/gcc/14.1.0_2/lib/gcc/current]
    arg [/opt/homebrew/Cellar/gcc/14.1.0_2/bin/../libexec/gcc/aarch64-apple-darwin23/14/collect2] ==> ignore
    arg [-demangle] ==> ignore
    arg [-dynamic] ==> ignore
    arg [-arch] ==> ignore
    arg [arm64] ==> ignore
    arg [-syslibroot] ==> ignore
    arg [/Applications/Xcode.app/Contents/Developer/Platforms/MacOSX.platform/Developer/SDKs/MacOSX14.5.sdk] ==> ignore
    arg [-platform_version] ==> ignore
    arg [macos] ==> ignore
    arg [14.0.0] ==> ignore
    arg [0.0] ==> ignore
    arg [-o] ==> ignore
    arg [cmTC_6050d] ==> ignore
    arg [-L/opt/homebrew/Cellar/gcc/14.1.0_2/bin/../lib/gcc/current/gcc/aarch64-apple-darwin23/14] ==> dir [/opt/homebrew/Cellar/gcc/14.1.0_2/bin/../lib/gcc/current/gcc/aarch64-apple-darwin23/14]
    arg [-L/opt/homebrew/Cellar/gcc/14.1.0_2/bin/../lib/gcc/current/gcc] ==> dir [/opt/homebrew/Cellar/gcc/14.1.0_2/bin/../lib/gcc/current/gcc]
    arg [-L/opt/homebrew/Cellar/gcc/14.1.0_2/bin/../lib/gcc/current/gcc/aarch64-apple-darwin23/14/../../..] ==> dir [/opt/homebrew/Cellar/gcc/14.1.0_2/bin/../lib/gcc/current/gcc/aarch64-apple-darwin23/14/../../..]
    arg [-lemutls_w] ==> lib [emutls_w]
    arg [-lheapt_w] ==> lib [heapt_w]
    arg [-search_paths_first] ==> ignore
    arg [-headerpad_max_install_names] ==> ignore
    arg [-v] ==> ignore
    arg [CMakeFiles/cmTC_6050d.dir/CMakeCXXCompilerABI.cpp.o] ==> ignore
    arg [-lstdc++] ==> lib [stdc++]
    arg [-lgcc] ==> lib [gcc]
    arg [-lSystem] ==> lib [System]
    arg [-no_compact_unwind] ==> ignore
    arg [-rpath] ==> ignore
    arg [@loader_path] ==> ignore
    arg [-rpath] ==> ignore
    arg [/opt/homebrew/Cellar/gcc/14.1.0_2/lib/gcc/current/gcc/aarch64-apple-darwin23/14] ==> ignore
    arg [-rpath] ==> ignore
    arg [/opt/homebrew/Cellar/gcc/14.1.0_2/lib/gcc/current/gcc] ==> ignore
    arg [-rpath] ==> ignore
    arg [/opt/homebrew/Cellar/gcc/14.1.0_2/lib/gcc/current] ==> ignore
  Library search paths: [;/opt/homebrew/Cellar/gcc/14.1.0_2/lib/gcc/current/gcc/aarch64-apple-darwin23/14;/opt/homebrew/Cellar/gcc/14.1.0_2/lib/gcc/current/gcc;/opt/homebrew/Cellar/gcc/14.1.0_2/lib/gcc/current;/Applications/Xcode.app/Contents/Developer/Platforms/MacOSX.platform/Developer/SDKs/MacOSX14.5.sdk/usr/lib;/Applications/Xcode.app/Contents/Developer/Platforms/MacOSX.platform/Developer/SDKs/MacOSX14.5.sdk/usr/lib/swift]
  Framework search paths: [;/Applications/Xcode.app/Contents/Developer/Platforms/MacOSX.platform/Developer/SDKs/MacOSX14.5.sdk/System/Library/Frameworks]
  remove lib [System]
  collapse library dir [/opt/homebrew/Cellar/gcc/14.1.0_2/bin/../lib/gcc/current/gcc/aarch64-apple-darwin23/14] ==> [/opt/homebrew/Cellar/gcc/14.1.0_2/lib/gcc/current/gcc/aarch64-apple-darwin23/14]
  collapse library dir [/opt/homebrew/Cellar/gcc/14.1.0_2/bin/../lib/gcc/current/gcc] ==> [/opt/homebrew/Cellar/gcc/14.1.0_2/lib/gcc/current/gcc]
  collapse library dir [/opt/homebrew/Cellar/gcc/14.1.0_2/bin/../lib/gcc/current/gcc/aarch64-apple-darwin23/14/../../..] ==> [/opt/homebrew/Cellar/gcc/14.1.0_2/lib/gcc/current]
  collapse library dir [/opt/homebrew/Cellar/gcc/14.1.0_2/lib/gcc/current/gcc/aarch64-apple-darwin23/14] ==> [/opt/homebrew/Cellar/gcc/14.1.0_2/lib/gcc/current/gcc/aarch64-apple-darwin23/14]
  collapse library dir [/opt/homebrew/Cellar/gcc/14.1.0_2/lib/gcc/current/gcc] ==> [/opt/homebrew/Cellar/gcc/14.1.0_2/lib/gcc/current/gcc]
  collapse library dir [/opt/homebrew/Cellar/gcc/14.1.0_2/lib/gcc/current] ==> [/opt/homebrew/Cellar/gcc/14.1.0_2/lib/gcc/current]
  collapse library dir [/Applications/Xcode.app/Contents/Developer/Platforms/MacOSX.platform/Developer/SDKs/MacOSX14.5.sdk/usr/lib] ==> [/Applications/Xcode.app/Contents/Developer/Platforms/MacOSX.platform/Developer/SDKs/MacOSX14.5.sdk/usr/lib]
  collapse library dir [/Applications/Xcode.app/Contents/Developer/Platforms/MacOSX.platform/Developer/SDKs/MacOSX14.5.sdk/usr/lib/swift] ==> [/Applications/Xcode.app/Contents/Developer/Platforms/MacOSX.platform/Developer/SDKs/MacOSX14.5.sdk/usr/lib/swift]
  collapse framework dir [/Applications/Xcode.app/Contents/Developer/Platforms/MacOSX.platform/Developer/SDKs/MacOSX14.5.sdk/System/Library/Frameworks] ==> [/Applications/Xcode.app/Contents/Developer/Platforms/MacOSX.platform/Developer/SDKs/MacOSX14.5.sdk/System/Library/Frameworks]
  implicit libs: [emutls_w;heapt_w;stdc++;gcc]
  implicit objs: []
  implicit dirs: [/opt/homebrew/Cellar/gcc/14.1.0_2/lib/gcc/current/gcc/aarch64-apple-darwin23/14;/opt/homebrew/Cellar/gcc/14.1.0_2/lib/gcc/current/gcc;/opt/homebrew/Cellar/gcc/14.1.0_2/lib/gcc/current;/Applications/Xcode.app/Contents/Developer/Platforms/MacOSX.platform/Developer/SDKs/MacOSX14.5.sdk/usr/lib;/Applications/Xcode.app/Contents/Developer/Platforms/MacOSX.platform/Developer/SDKs/MacOSX14.5.sdk/usr/lib/swift]
  implicit fwks: [/Applications/Xcode.app/Contents/Developer/Platforms/MacOSX.platform/Developer/SDKs/MacOSX14.5.sdk/System/Library/Frameworks]


